#
# There is insufficient memory for the Java Runtime Environment to continue.
# Native memory allocation (malloc) failed to allocate 1048576 bytes for AllocateHeap
# Possible reasons:
#   The system is out of physical RAM or swap space
#   In 32 bit mode, the process size limit was hit
# Possible solutions:
#   Reduce memory load on the system
#   Increase physical memory or swap space
#   Check if swap backing store is full
#   Use 64 bit Java on a 64 bit OS
#   Decrease Java heap size (-Xmx/-Xms)
#   Decrease number of Java threads
#   Decrease Java thread stack sizes (-Xss)
#   Set larger code cache with -XX:ReservedCodeCacheSize=
# This output file may be truncated or incomplete.
#
#  Out of Memory Error (memory/allocation.inline.hpp:62), pid=7548, tid=4396
#
# JRE version:  (8.0_31-b13) (build )
# Java VM: Java HotSpot(TM) 64-Bit Server VM (25.31-b07 mixed mode windows-amd64 compressed oops)
# Failed to write core dump. Minidumps are not enabled by default on client versions of Windows
#

---------------  T H R E A D  ---------------

Current thread (0x0000000002833800):  JavaThread "Unknown thread" [_thread_in_vm, id=4396, stack(0x0000000002700000,0x0000000002800000)]

Stack: [0x0000000002700000,0x0000000002800000]
Native frames: (J=compiled Java code, j=interpreted, Vv=VM code, C=native code)
V  [jvm.dll+0x3169ba]
V  [jvm.dll+0x2674c3]
V  [jvm.dll+0x268103]
V  [jvm.dll+0x25f8f5]
V  [jvm.dll+0x3df90f]
V  [jvm.dll+0x3e044f]
V  [jvm.dll+0x3e0564]
V  [jvm.dll+0x3e0733]
V  [jvm.dll+0xe54d2]
V  [jvm.dll+0x1fa089]
V  [jvm.dll+0x22b694]
V  [jvm.dll+0x14d8c1]
C  [javaw.exe+0x20c6]
C  [javaw.exe+0xc9eb]
C  [javaw.exe+0xca7f]
C  [KERNEL32.DLL+0x13d2]
C  [ntdll.dll+0x15444]


---------------  P R O C E S S  ---------------

Java Threads: ( => current thread )

Other Threads:

=>0x0000000002833800 (exited) JavaThread "Unknown thread" [_thread_in_vm, id=4396, stack(0x0000000002700000,0x0000000002800000)]

VM state:not at safepoint (normal execution)

VM Mutex/Monitor currently owned by a thread: None

Heap:
 PSYoungGen      total 18432K, used 317K [0x00000000eb580000, 0x00000000eca00000, 0x0000000100000000)
  eden space 15872K, 2% used [0x00000000eb580000,0x00000000eb5cf5d0,0x00000000ec500000)
  from space 2560K, 0% used [0x00000000ec780000,0x00000000ec780000,0x00000000eca00000)
  to   space 2560K, 0% used [0x00000000ec500000,0x00000000ec500000,0x00000000ec780000)
 ParOldGen       total 42496K, used 0K [0x00000000c2000000, 0x00000000c4980000, 0x00000000eb580000)
  object space 42496K, 0% used [0x00000000c2000000,0x00000000c2000000,0x00000000c4980000)
 Metaspace       used 666K, capacity 4480K, committed 4480K, reserved 1056768K
  class space    used 67K, capacity 384K, committed 384K, reserved 1048576K

Card table byte_map: [0x0000000011cf0000,0x0000000011ef0000] byte_map_base: 0x00000000116e0000

Marking Bits: (ParMarkBitMap*) 0x0000000077f7d4f0
 Begin Bits: [0x0000000012440000, 0x00000000133c0000)
 End Bits:   [0x00000000133c0000, 0x0000000014340000)

Polling page: 0x0000000000dd0000

CodeCache: size=245760Kb used=327Kb max_used=327Kb free=245432Kb
 bounds [0x0000000002930000, 0x0000000002ba0000, 0x0000000011930000]
 total_blobs=56 nmethods=0 adapters=37
 compilation: enabled

Compilation events (0 events):
No events

GC Heap History (0 events):
No events

Deoptimization events (0 events):
No events

Internal exceptions (0 events):
No events

Events (10 events):
Event: 0.048 loading class java/lang/Short
Event: 0.048 loading class java/lang/Short done
Event: 0.048 loading class java/lang/Integer
Event: 0.048 loading class java/lang/Integer done
Event: 0.048 loading class java/lang/Long
Event: 0.048 loading class java/lang/Long done
Event: 0.049 loading class java/lang/NullPointerException
Event: 0.049 loading class java/lang/NullPointerException done
Event: 0.049 loading class java/lang/ArithmeticException
Event: 0.049 loading class java/lang/ArithmeticException done


Dynamic libraries:
0x00007ff754b30000 - 0x00007ff754b64000 	C:\Program Files\Java\jre1.8.0_31\bin\javaw.exe
0x00007fffded10000 - 0x00007fffdeebc000 	C:\WINDOWS\SYSTEM32\ntdll.dll
0x00007fffde580000 - 0x00007fffde6be000 	C:\WINDOWS\system32\KERNEL32.DLL
0x00007fffdbf80000 - 0x00007fffdc095000 	C:\WINDOWS\system32\KERNELBASE.dll
0x00007fffdaa00000 - 0x00007fffdaa8e000 	C:\WINDOWS\system32\apphelp.dll
0x00007fffd2060000 - 0x00007fffd20b3000 	C:\WINDOWS\AppPatch\AppPatch64\AcGenral.DLL
0x00007fffde6d0000 - 0x00007fffde77a000 	C:\WINDOWS\system32\msvcrt.dll
0x00007fffdbc30000 - 0x00007fffdbc5e000 	C:\WINDOWS\SYSTEM32\SspiCli.dll
0x00007fffdecb0000 - 0x00007fffded04000 	C:\WINDOWS\system32\SHLWAPI.dll
0x00007fffdde80000 - 0x00007fffddff7000 	C:\WINDOWS\system32\USER32.dll
0x00007fffde9a0000 - 0x00007fffdeb34000 	C:\WINDOWS\system32\ole32.dll
0x00007fffdc450000 - 0x00007fffdd968000 	C:\WINDOWS\system32\SHELL32.dll
0x00007fffdb400000 - 0x00007fffdb421000 	C:\WINDOWS\SYSTEM32\USERENV.dll
0x00007fffdeb40000 - 0x00007fffdebea000 	C:\WINDOWS\system32\ADVAPI32.dll
0x00007fffd0cd0000 - 0x00007fffd0cee000 	C:\WINDOWS\SYSTEM32\MPR.dll
0x00007fffddb60000 - 0x00007fffddca1000 	C:\WINDOWS\system32\RPCRT4.dll
0x00007fffde000000 - 0x00007fffde059000 	C:\WINDOWS\SYSTEM32\sechost.dll
0x00007fffde780000 - 0x00007fffde991000 	C:\WINDOWS\SYSTEM32\combase.dll
0x00007fffde240000 - 0x00007fffde391000 	C:\WINDOWS\system32\GDI32.dll
0x00007fffdbe60000 - 0x00007fffdbe75000 	C:\WINDOWS\SYSTEM32\profapi.dll
0x00007fffda3d0000 - 0x00007fffda482000 	C:\WINDOWS\SYSTEM32\SHCORE.dll
0x00007fffde480000 - 0x00007fffde4b6000 	C:\WINDOWS\system32\IMM32.DLL
0x00007fffdd970000 - 0x00007fffddac2000 	C:\WINDOWS\system32\MSCTF.dll
0x00007fffd7c80000 - 0x00007fffd7efa000 	C:\WINDOWS\WinSxS\amd64_microsoft.windows.common-controls_6595b64144ccf1df_6.0.9600.17810_none_6240b9c7ecbd0bda\COMCTL32.dll
0x00000000776c0000 - 0x0000000077792000 	C:\Program Files\Java\jre1.8.0_31\bin\msvcr100.dll
0x00000000777a0000 - 0x0000000077ffa000 	C:\Program Files\Java\jre1.8.0_31\bin\server\jvm.dll
0x00007fffd3dc0000 - 0x00007fffd3dc9000 	C:\WINDOWS\SYSTEM32\WSOCK32.dll
0x00007fffd3d90000 - 0x00007fffd3db2000 	C:\WINDOWS\SYSTEM32\WINMM.dll
0x00007fffddae0000 - 0x00007fffddae7000 	C:\WINDOWS\system32\PSAPI.DLL
0x00007fffdebf0000 - 0x00007fffdec4a000 	C:\WINDOWS\system32\WS2_32.dll
0x00007fffd3cf0000 - 0x00007fffd3d1a000 	C:\WINDOWS\SYSTEM32\WINMMBASE.dll
0x00007fffde6c0000 - 0x00007fffde6c9000 	C:\WINDOWS\system32\NSI.dll
0x00007fffdbf30000 - 0x00007fffdbf7f000 	C:\WINDOWS\SYSTEM32\cfgmgr32.dll
0x00007fffdac60000 - 0x00007fffdac88000 	C:\WINDOWS\SYSTEM32\DEVOBJ.dll
0x0000000050110000 - 0x000000005011f000 	C:\Program Files\Java\jre1.8.0_31\bin\verify.dll
0x00000000500e0000 - 0x0000000050108000 	C:\Program Files\Java\jre1.8.0_31\bin\java.dll
0x0000000077680000 - 0x00000000776b5000 	C:\Program Files\Java\jre1.8.0_31\bin\jdwp.dll
0x0000000050020000 - 0x0000000050028000 	C:\Program Files\Java\jre1.8.0_31\bin\npt.dll
0x00000000500c0000 - 0x00000000500d6000 	C:\Program Files\Java\jre1.8.0_31\bin\zip.dll
0x00007fffd77c0000 - 0x00007fffd7949000 	C:\WINDOWS\SYSTEM32\dbghelp.dll

VM Arguments:
jvm_args: -agentlib:jdwp=transport=dt_socket,suspend=y,address=localhost:60075 -Dfile.encoding=Cp1252 
java_command: com.socialSearch.controller.SocialSearch
java_class_path (initial): C:\Users\Aditya\workspace\RealTimeSocialSearch\SocialSearch\target\classes;C:\Program Files\Apache Software Foundation\Tomcat 8.0\lib\annotations-api.jar;C:\Program Files\Apache Software Foundation\Tomcat 8.0\lib\catalina-ant.jar;C:\Program Files\Apache Software Foundation\Tomcat 8.0\lib\catalina-ha.jar;C:\Program Files\Apache Software Foundation\Tomcat 8.0\lib\catalina-storeconfig.jar;C:\Program Files\Apache Software Foundation\Tomcat 8.0\lib\catalina-tribes.jar;C:\Program Files\Apache Software Foundation\Tomcat 8.0\lib\catalina.jar;C:\Program Files\Apache Software Foundation\Tomcat 8.0\lib\ecj-4.4.2.jar;C:\Program Files\Apache Software Foundation\Tomcat 8.0\lib\el-api.jar;C:\Program Files\Apache Software Foundation\Tomcat 8.0\lib\jasper-el.jar;C:\Program Files\Apache Software Foundation\Tomcat 8.0\lib\jasper.jar;C:\Program Files\Apache Software Foundation\Tomcat 8.0\lib\jsp-api.jar;C:\Program Files\Apache Software Foundation\Tomcat 8.0\lib\servlet-api.jar;C:\Program Files\Apache Software Foundation\Tomcat 8.0\lib\tomcat-api.jar;C:\Program Files\Apache Software Foundation\Tomcat 8.0\lib\tomcat-coyote.jar;C:\Program Files\Apache Software Foundation\Tomcat 8.0\lib\tomcat-dbcp.jar;C:\Program Files\Apache Software Foundation\Tomcat 8.0\lib\tomcat-i18n-es.jar;C:\Program Files\Apache Software Foundation\Tomcat 8.0\lib\tomcat-i18n-fr.jar;C:\Program Files\Apache Software Foundation\Tomcat 8.0\lib\tomcat-i18n-ja.jar;C:\Program Files\Apache Software Foundation\Tomcat 8.0\lib\tomcat-jdbc.jar;C:\Program Files\Apache Software Foundation\Tomcat 8.0\lib\tomcat-jni.jar;C:\Program Files\Apache Software Foundation\Tomcat 8.0\lib\tomcat-util-scan.jar;C:\Program Files\Apache Software Foundation\Tomcat 8.0\lib\tomcat-util.jar;C:\Program Files\Apache Software Foundation\Tomcat 8.0\lib\tomcat-websocket.jar;C:\Program Files\Apache Software Foundation\Tomcat 8.0\lib\websocket-api.jar;C:\Users\Aditya\.m2\repository\org\springframework\spring-aop\4.1.6.RELEASE\sp
Launcher Type: SUN_STANDARD

Environment Variables:
JAVA_HOME=C:\Program Files\Java\jdk1.8.0_25
PATH=C:/Program Files/Java/jre1.8.0_31/bin/server;C:/Program Files/Java/jre1.8.0_31/bin;C:/Program Files/Java/jre1.8.0_31/lib/amd64;C:\oraclexe\app\oracle\product\11.2.0\server\bin;C:\ProgramData\Oracle\Java\javapath;C:\Program Files (x86)\Intel\iCLS Client\;C:\Program Files\Intel\iCLS Client\;C:\WINDOWS\system32;C:\WINDOWS;C:\WINDOWS\System32\Wbem;C:\WINDOWS\System32\WindowsPowerShell\v1.0\;C:\Program Files\Intel\Intel(R) Management Engine Components\DAL;C:\Program Files\Intel\Intel(R) Management Engine Components\IPT;C:\Program Files (x86)\Intel\Intel(R) Management Engine Components\DAL;C:\Program Files (x86)\Intel\Intel(R) Management Engine Components\IPT;C:\Program Files (x86)\Intel\OpenCL SDK\2.0\bin\x86;C:\Program Files (x86)\Intel\OpenCL SDK\2.0\bin\x64;C:\Python27;C:\mEMBOSS;C:\Program Files (x86)\GtkSharp\2.12\bin;C:\Program Files (x86)\Windows Kits\8.1\Windows Performance Toolkit\;C:\Program Files\Microsoft SQL Server\110\Tools\Binn\;C:\Program Files (x86)\Microsoft SDKs\TypeScript\1.0\;C:\Program Files\Microsoft SQL Server\120\Tools\Binn\;C:\Users\Aditya\Anaconda;C:\Users\Aditya\Anaconda\Scripts;;C:\Program Files (x86)\Android\android-studio\sdk\platform-tools;C:\Program Files (x86)\Android\android-studio\sdk\tools;C:\Users\Aditya\.lein\bin;C:\Users\Aditya\Desktop\Eclipse\eclipse;
USERNAME=Aditya
OS=Windows_NT
PROCESSOR_IDENTIFIER=Intel64 Family 6 Model 58 Stepping 9, GenuineIntel



---------------  S Y S T E M  ---------------

OS: Windows 8.1 , 64 bit Build 9600 

CPU:total 4 (2 cores per cpu, 2 threads per core) family 6 model 58 stepping 9, cmov, cx8, fxsr, mmx, sse, sse2, sse3, ssse3, sse4.1, sse4.2, popcnt, avx, clmul, erms, ht, tsc, tscinvbit, tscinv

Memory: 4k page, physical 4055292k(611896k free), swap 7201020k(3496k free)

vm_info: Java HotSpot(TM) 64-Bit Server VM (25.31-b07) for windows-amd64 JRE (1.8.0_31-b13), built on Dec 17 2014 21:00:28 by "java_re" with MS VC++ 10.0 (VS2010)

time: Sun Jun 14 13:37:54 2015
elapsed time: 1 seconds (0d 0h 0m 1s)

